<?xml version="1.0" encoding="UTF-8"?>
<!-- Generated by org.testng.reporters.JUnitReportReporter -->
<testsuite skipped="0" hostname="ICCSO-033294-NB" name="br.com.renanrramossi.movielist.jcat.test.NewTest" tests="1" failures="0" timestamp="2021-07-13T13:59:54 BRT" time="0.016" errors="0">
  <testcase name="f" time="0.016" classname="br.com.renanrramossi.movielist.jcat.test.NewTest"/>
  <system-out/>
</testsuite> <!-- br.com.renanrramossi.movielist.jcat.test.NewTest -->
